\BOOKMARK [-1][]{thuchapter.1.-1}{\376\377\217\146\217\175\177\121\117\341\212\211\213\304\117\060\173\227\154\325\166\204\213\276\213\241\116\016\133\236\163\260}{}% 1
\BOOKMARK [0][]{thuchapter.2.0}{\376\377\121\163\116\216\133\146\117\115\213\272\145\207\117\177\165\050\143\210\147\103\166\204\213\364\146\016}{thuchapter.1.-1}% 2
\BOOKMARK [0][]{thuchapter.3.0}{\376\377\116\055\145\207\144\130\211\201}{thuchapter.1.-1}% 3
\BOOKMARK [0][]{thuchapter.4.0}{\376\377\000A\000B\000S\000T\000R\000A\000C\000T}{thuchapter.1.-1}% 4
\BOOKMARK [0][]{thuchapter.5.0}{\376\377\166\356\000\040\137\125}{thuchapter.1.-1}% 5
\BOOKMARK [0][]{chapter.1}{\376\377\173\054\0001\172\340\000\040\176\352\213\272}{thuchapter.1.-1}% 6
\BOOKMARK [1][-]{section.1.1}{\376\377\0001\000.\0001\000\040\170\024\172\166\200\314\146\157}{chapter.1}% 7
\BOOKMARK [1][-]{section.1.2}{\376\377\0001\000.\0002\000\040\166\370\121\163\135\345\117\134}{chapter.1}% 8
\BOOKMARK [2][-]{subsection.1.2.1}{\376\377\0001\000.\0002\000.\0001\000\040\123\072\127\127\224\376\116\016\146\172\200\375\124\010\176\246}{section.1.2}% 9
\BOOKMARK [2][-]{subsection.1.2.2}{\376\377\0001\000.\0002\000.\0002\000\040\217\146\217\206\117\115\177\156\232\214\213\301}{section.1.2}% 10
\BOOKMARK [2][-]{subsection.1.2.3}{\376\377\0001\000.\0002\000.\0003\000\040\217\146\217\175\177\121\117\341\212\211\173\241\164\006\174\373\176\337}{section.1.2}% 11
\BOOKMARK [1][-]{section.1.3}{\376\377\0001\000.\0003\000\040\213\272\145\207\166\204\170\024\172\166\121\205\133\271\123\312\215\041\163\056}{chapter.1}% 12
\BOOKMARK [0][]{chapter.2}{\376\377\173\054\0002\172\340\000\040\217\146\217\206\117\341\212\211\213\304\117\060\173\227\154\325\166\204\213\276\213\241}{thuchapter.1.-1}% 13
\BOOKMARK [1][-]{section.2.1}{\376\377\0002\000.\0001\000\040\127\372\147\054\213\276\213\241\140\035\215\357}{chapter.2}% 14
\BOOKMARK [2][-]{subsection.2.1.1}{\376\377\0002\000.\0001\000.\0001\000\040\117\341\212\211\120\074\137\161\124\315\126\340\175\040}{section.2.1}% 15
\BOOKMARK [2][-]{subsection.2.1.2}{\376\377\0002\000.\0001\000.\0002\000\040\116\244\116\222\152\041\127\213\116\016\173\227\154\325\155\101\172\013}{section.2.1}% 16
\BOOKMARK [1][-]{section.2.2}{\376\377\0002\000.\0002\000\040\117\341\212\211\213\241\173\227\145\271\137\017}{chapter.2}% 17
\BOOKMARK [2][-]{subsection.2.2.1}{\376\377\0002\000.\0002\000.\0001\000\040\145\366\225\364\210\160\121\317\174\373\145\160}{section.2.2}% 18
\BOOKMARK [2][-]{subsection.2.2.2}{\376\377\0002\000.\0002\000.\0002\000\040\127\372\116\216\117\115\177\156\232\214\213\301\166\204\117\341\212\211\213\241\173\227}{section.2.2}% 19
\BOOKMARK [2][-]{subsection.2.2.3}{\376\377\0002\000.\0002\000.\0003\000\040\127\372\116\216\155\210\140\157\117\040\144\255\166\204\117\341\212\211\213\241\173\227}{section.2.2}% 20
\BOOKMARK [1][-]{section.2.3}{\376\377\0002\000.\0003\000\040\171\321\133\146\140\047\122\006\147\220}{chapter.2}% 21
\BOOKMARK [1][-]{section.2.4}{\376\377\0002\000.\0004\000\040\147\054\172\340\134\017\176\323}{chapter.2}% 22
\BOOKMARK [0][]{chapter.3}{\376\377\173\054\0003\172\340\000\040\117\341\212\211\213\304\117\060\173\227\154\325\123\237\127\213\174\373\176\337\166\204\133\236\163\260}{thuchapter.1.-1}% 23
\BOOKMARK [1][-]{section.3.1}{\376\377\0003\000.\0001\000\040\140\073\117\123\150\106\147\266\123\312\217\320\210\114\163\257\130\203}{chapter.3}% 24
\BOOKMARK [1][-]{section.3.2}{\376\377\0003\000.\0002\000\040\217\146\217\206\116\244\116\222\152\041\142\337}{chapter.3}% 25
\BOOKMARK [2][-]{subsection.3.2.1}{\376\377\0003\000.\0002\000.\0001\000\040\117\115\177\156\232\214\213\301\152\041\142\337}{section.3.2}% 26
\BOOKMARK [2][-]{subsection.3.2.2}{\376\377\0003\000.\0002\000.\0002\000\040\155\210\140\157\117\040\144\255\152\041\142\337}{section.3.2}% 27
\BOOKMARK [1][-]{section.3.3}{\376\377\0003\000.\0003\000\040\117\341\212\211\213\304\117\060\146\172\200\375\124\010\176\246}{chapter.3}% 28
\BOOKMARK [1][-]{section.3.4}{\376\377\0003\000.\0004\000\040\127\060\126\376\134\125\171\072}{chapter.3}% 29
\BOOKMARK [1][-]{section.3.5}{\376\377\0003\000.\0005\000\040\147\054\172\340\134\017\176\323}{chapter.3}% 30
\BOOKMARK [0][]{chapter.4}{\376\377\173\054\0004\172\340\000\040\117\341\212\211\173\227\154\325\166\204\123\302\145\160\214\003\117\030\116\016\162\171\137\201\122\006\147\220}{thuchapter.1.-1}% 31
\BOOKMARK [1][-]{section.4.1}{\376\377\0004\000.\0001\000\040\155\113\213\325\145\271\154\325}{chapter.4}% 32
\BOOKMARK [1][-]{section.4.2}{\376\377\0004\000.\0002\000\040\123\302\145\160\213\276\213\241\116\016\122\006\147\220}{chapter.4}% 33
\BOOKMARK [2][-]{subsection.4.2.1}{\376\377\0004\000.\0002\000.\0001\000\040\145\366\225\364\210\160\121\317\123\302\145\160}{section.4.2}% 34
\BOOKMARK [2][-]{subsection.4.2.2}{\376\377\0004\000.\0002\000.\0002\000\040\127\372\116\216\117\115\177\156\232\214\213\301\166\204\117\341\212\211\213\241\173\227\123\302\145\160}{section.4.2}% 35
\BOOKMARK [2][-]{subsection.4.2.3}{\376\377\0004\000.\0002\000.\0003\000\040\127\372\116\216\155\210\140\157\117\040\144\255\166\204\117\341\212\211\213\241\173\227\123\302\145\160}{section.4.2}% 36
\BOOKMARK [1][-]{section.4.3}{\376\377\0004\000.\0003\000\040\123\302\145\160\220\011\123\326\176\323\147\234}{chapter.4}% 37
\BOOKMARK [1][-]{section.4.4}{\376\377\0004\000.\0004\000\040\147\054\172\340\134\017\176\323}{chapter.4}% 38
\BOOKMARK [0][]{chapter.5}{\376\377\173\054\0005\172\340\000\040\123\237\127\213\174\373\176\337\166\204\176\374\124\010\155\113\213\325\176\323\147\234}{thuchapter.1.-1}% 39
\BOOKMARK [1][-]{section.5.1}{\376\377\0005\000.\0001\000\040\152\041\142\337\145\160\143\156\155\113\213\325\176\323\147\234}{chapter.5}% 40
\BOOKMARK [1][-]{section.5.2}{\376\377\0005\000.\0002\000\040\133\236\226\105\145\160\143\156\155\113\213\325\176\323\147\234}{chapter.5}% 41
\BOOKMARK [2][-]{subsection.5.2.1}{\376\377\0005\000.\0002\000.\0001\000\040\145\160\143\156\131\004\164\006}{section.5.2}% 42
\BOOKMARK [2][-]{subsection.5.2.2}{\376\377\0005\000.\0002\000.\0002\000\040\176\323\147\234\134\125\171\072\116\016\122\006\147\220}{section.5.2}% 43
\BOOKMARK [1][-]{section.5.3}{\376\377\0005\000.\0003\000\040\122\006\147\220\116\016\145\071\217\333}{chapter.5}% 44
\BOOKMARK [1][-]{section.5.4}{\376\377\0005\000.\0004\000\040\147\054\172\340\134\017\176\323}{chapter.5}% 45
\BOOKMARK [0][]{chapter.6}{\376\377\173\054\0006\172\340\000\040\176\323\213\272}{thuchapter.1.-1}% 46
\BOOKMARK [0][]{section*.25}{\376\377\143\322\126\376\175\042\137\025}{thuchapter.1.-1}% 47
\BOOKMARK [0][]{section*.27}{\376\377\210\150\150\074\175\042\137\025}{thuchapter.1.-1}% 48
\BOOKMARK [0][]{section*.29}{\376\377\123\302\200\003\145\207\163\056}{thuchapter.1.-1}% 49
\BOOKMARK [0][]{section*.31}{\376\377\201\364\000\040\214\042}{thuchapter.1.-1}% 50
\BOOKMARK [0][]{section*.33}{\376\377\130\360\146\016}{thuchapter.1.-1}% 51
\BOOKMARK [0][]{appendix*.35}{\376\377\143\007\133\374\145\131\136\010\133\146\147\057\213\304\213\355}{thuchapter.1.-1}% 52
\BOOKMARK [0][]{appendix*.36}{\376\377\173\124\217\251\131\324\124\130\117\032\121\263\213\256\116\146}{thuchapter.1.-1}% 53
